  MyForm.cpp
c:\users\kosyn_000\documents\visual studio 2015\projects\opencv_gui\opencv_gui\MyForm.h(499): warning C4244: 'argument': conversion from 'float' to 'int', possible loss of data
MyForm.cpp(68): warning C4267: 'argument': conversion from 'size_t' to 'int', possible loss of data
MyForm.cpp(69): warning C4244: 'argument': conversion from 'int' to 'float', possible loss of data
MyForm.cpp(211): warning C4244: 'argument': conversion from 'time_t' to 'unsigned int', possible loss of data
c:\users\kosyn_000\downloads\setups\opencv\build\include\opencv2\core\cvstd.hpp(596): warning C4793: 'cv::String::String': function compiled as native:
  	Found an intrinsic not supported in managed code
c:\users\kosyn_000\downloads\setups\opencv\build\include\opencv2\core\cuda.inl.hpp(105): warning C4793: 'cv::cuda::GpuMat::GpuMat': function compiled as native:
  	Found an intrinsic not supported in managed code
c:\users\kosyn_000\downloads\setups\opencv\build\include\opencv2\core\cuda.inl.hpp(395): warning C4793: 'cv::cuda::HostMem::HostMem': function compiled as native:
  	Found an intrinsic not supported in managed code
c:\users\kosyn_000\downloads\setups\opencv\build\include\opencv2\core\mat.inl.hpp(413): warning C4793: 'cv::Mat::Mat': function compiled as native:
  	Found an intrinsic not supported in managed code
c:\users\kosyn_000\downloads\setups\opencv\build\include\opencv2\core\fast_math.hpp(97): warning C4793: '`anonymous namespace'::cvRound': function compiled as native:
  	Found an intrinsic not supported in managed code
c:\users\kosyn_000\downloads\setups\opencv\build\include\opencv2\core\fast_math.hpp(98): warning C4793: '`anonymous namespace'::cvRound': function compiled as native:
  	Found an intrinsic not supported in managed code
c:\users\kosyn_000\downloads\setups\opencv\build\include\opencv2\core\mat.inl.hpp(703): warning C4793: 'cv::Mat::release': function compiled as native:
  	Found an intrinsic not supported in managed code
c:\users\kosyn_000\downloads\setups\opencv\build\include\opencv2\core\mat.inl.hpp(1929): warning C4793: 'cv::SparseMat::addref': function compiled as native:
  	Found an intrinsic not supported in managed code
c:\users\kosyn_000\downloads\setups\opencv\build\include\opencv2\core\mat.inl.hpp(3530): warning C4793: 'cv::UMat::addref': function compiled as native:
  	Found an intrinsic not supported in managed code
c:\users\kosyn_000\downloads\setups\opencv\build\include\opencv2\core\ptr.inl.hpp(67): warning C4793: 'cv::detail::PtrOwner::incRef': function compiled as native:
  	Found an intrinsic not supported in managed code
c:\users\kosyn_000\downloads\setups\opencv\build\include\opencv2\core\ptr.inl.hpp(72): warning C4793: 'cv::detail::PtrOwner::decRef': function compiled as native:
  	Found an intrinsic not supported in managed code
c:\users\kosyn_000\downloads\setups\opencv\build\include\opencv2\core\cvstd.hpp(673): warning C4793: 'cv::String::operator=': function compiled as native:
  	Found an intrinsic not supported in managed code
  MyForm.obj : /DEBUG:FASTLINK is not supported when managed code is present; restarting link with /DEBUG:FULL
  opencv_gui.vcxproj -> C:\Users\kosyn_000\Documents\Visual Studio 2015\Projects\opencv_gui\x64\Debug\opencv_gui.exe
  opencv_gui.vcxproj -> C:\Users\kosyn_000\Documents\Visual Studio 2015\Projects\opencv_gui\x64\Debug\opencv_gui.pdb (Partial PDB)
